[LOG] System::create                           : Header version = 1.10.01. Current version = 1.10.01.
[LOG] SystemI::setOutputInternal               : Setting output to type 0
[LOG] Manager::init                            : maxchannels = 1024 studioflags = 00000009 flags 00000000 extradriverdata 0000000000000000.
[LOG] SystemI::init                            : FMOD Studio Version: 00011001 (91339)
[LOG] SystemI::init                            : maxchannels = 1024, flags = 00030000, extradriverdata = 0000000000000000
[LOG] SystemI::setOutputInternal               : Setting output to type 8
[LOG] SystemI::setOutputInternal               : Setting output to type 8
[LOG] SystemI::setOutputInternal               : Setting output to type 8
[LOG] OutputWASAPI::init                       : Mix Format (WAVEFORMATEX): wFormatTag=0xFFFE, nChannels=2, nSamplesPerSec=44100, nAvgBytesPerSec=352800, nBlockAlign=8, wBitsPerSample=32, cbSize=22.
[LOG] OutputWASAPI::init                       : Mix Format (WAVEFORMATEXTENSIBLE): wValidBitsPerSample=32, dwChannelMask=0x00000003, SubFormat=00000003-0000-0010-8000-00AA00389B71.
[LOG] OutputWASAPI::init                       : Output buffer size: 3760 samples, latency: 11.61ms, period: 10.00ms, DSP buffer: 1024 * 4
[WRN] SystemI::init                            : Output requires a sample rate of 44100Hz, resampling will occur.
[LOG] SystemI::init                            : Create master channel group and master sound group.
[LOG] SystemI::init                            : Set up emulated output.  1024 channels
[LOG] SystemI::init                            : create the channel pool
[LOG] SystemI::init                            : create the stream thread
[LOG] Thread::initThread                       : Init FMOD stream thread. Priority: 2, Stack Size: 65536, Semaphore: No, Sleep Time: 10, Looping: Yes.
[LOG] SystemI::DSPCodecPoolRegister            : register codec pool for pool type 5
[LOG] Thread::initThread                       : Init FMOD mixer thread. Priority: 3, Stack Size: 49152, Semaphore: No, Sleep Time: 0, Looping: Yes.
[LOG] AsyncManager::init                       : manager 000000004421A048 isAsync 1 updatePeriod 0.02
[LOG] Thread::initThread                       : Init FMOD Studio update thread. Priority: 0, Stack Size: 65536, Semaphore: No, Sleep Time: 1, Looping: No.
[LOG] AsyncManager::init                       : done
[LOG] PlaybackSystem::init                     : 
[LOG] Thread::initThread                       : Init FMOD Studio sample load thread. Priority: 0, Stack Size: 65536, Semaphore: No, Sleep Time: 1, Looping: No.
[LOG] PlaybackSystem::init                     : done
[LOG] LiveUpdate::init                         : 
[LOG] Thread::initThread                       : Init FMOD Studio bank load thread. Priority: 0, Stack Size: 65536, Semaphore: No, Sleep Time: 1, Looping: No.
[LOG] Manager::init                            : done.
[LOG] Profile::init                            : Profiler listening on port: 9264
[LOG] Manager::readBank                        : fileversion = 99, compatVersion = 99 (oldest = 44, newest = 99)
[LOG] Manager::readBank                        : fileversion = 99, compatVersion = 99 (oldest = 44, newest = 99)
[LOG] PlaybackSystem::acquireMasterBus         : Setting master channel group format to 6
[LOG] SystemI::createSound                     : filename = C:\Users\Thomas\Documents\FMOD Studio\swimgame\Build\Desktop/Master Bank.bank : mode 02010082
[LOG] SystemI::createSound                     : FMOD_NONBLOCKING specified.  Putting into queue to be opened asynchronously!
[LOG] Thread::initThread                       : Init FMOD nonblocking thread (0). Priority: 1, Stack Size: 81920, Semaphore: Yes, Sleep Time: 0, Looping: Yes.
[LOG] SystemI::createSound                     : setdata soundi = 00000000441658C8 : node = 000000000EC3F8E0
[LOG] SystemI::createSound                     : add node to async list : head = 0000000044156CD8.  list count = 0
[LOG] AsyncThread::threadFunc                  : Starting Asynchronous operation on sound 00000000441658C8
[LOG] SystemI::createSoundInternal             :     filename = C:\Users\Thomas\Documents\FMOD Studio\swimgame\Build\Desktop/Master Bank.bank : mode 02010082
[LOG] SystemI::createSoundInternal             :     exinfo->cbsize             = 232
[LOG] SystemI::createSoundInternal             :     exinfo->length             = 8867104
[LOG] SystemI::createSoundInternal             :     exinfo->fileoffset         = 23232
[LOG] SystemI::createSoundInternal             :     exinfo->numsubsounds       = 1
[LOG] SystemI::createSoundInternal             :     exinfo->inclusionlist      = 000000000EC3F9F8
[LOG] SystemI::createSoundInternal             :     exinfo->inclusionlistnum   = 1
[LOG] SystemI::createSoundInternal             :     exinfo->suggestedsoundtype = 5
[LOG] SystemI::createSoundInternal             :     filename =  : mode 02000202
[LOG] SystemI::createSoundInternal             :     exinfo->initialseekpostype = 1
[LOG] SystemI::createSoundInternal             :     exinfo->cbsize             = 232
[LOG] SystemI::createSoundInternal             :     exinfo->length             = 8867104
[LOG] SystemI::createSoundInternal             :     exinfo->fileoffset         = 23232
[LOG] SystemI::createSoundInternal             :     exinfo->numsubsounds       = 1
[LOG] SystemI::createSoundInternal             :     exinfo->inclusionlist      = 000000003AF2F5FC
[LOG] SystemI::createSoundInternal             :     exinfo->inclusionlistnum   = 1
[LOG] SystemI::createSoundInternal             :     exinfo->suggestedsoundtype = 5
[LOG] SystemI::createSoundInternal             :     exinfo->useropen           = 000007FEE79D57A0
[LOG] SystemI::createSoundInternal             :     exinfo->userclose          = 000007FEE79D5770
[LOG] SystemI::createSoundInternal             :     exinfo->userread           = 000007FEE79D5870
[LOG] SystemI::createSoundInternal             :     exinfo->userseek           = 000007FEE79D5920
[LOG] SystemI::createSoundInternal             :     exinfo->fileuserdata       = 000000004B63F038
[LOG] SystemI::createSoundInternal             :     exinfo->initialseekpostype = 1
[LOG] SystemI::createSoundInternal             :     Format has 1 subsounds.
[LOG] SystemI::DSPCodecPoolRegister            :     register codec pool for pool type 5
[LOG] SystemI::createSoundInternal             :     Create as FMOD_CREATESTREAM
[LOG] SystemI::createSoundInternal             :     Format has 1 subsounds.
[LOG] System::createSoundInternal              :     decode buffersize = 19200 : blocksize = 256 : format = 2
[LOG] SystemI::createSoundInternal             :     Create as FMOD_CREATESAMPLE
[LOG] SystemI::createSample                    :     mode 02010082 length 19200 samples, lengthbytes 377984
[LOG] SystemI::createSoundInternal             :     Multi-sample sound (1 subsounds), create a sample container.
[LOG] SystemI::createSample                    :     channels = 2
[LOG] SystemI::createSample                    :     output = 000000004B62CB98
[LOG] SystemI::createSoundInternal             :     creating subsound 0/1
[LOG] OutputSoftware::createSample             :     lengthpcm 19200, lengthbytes 377984, channels 2, format 2, freq 48000, mode 0201008a
[LOG] SystemI::createSample                    :     mode 02000202 length 15277 samples, lengthbytes 2688
[LOG] SystemI::createSample                    :     channels = 1
[LOG] SystemI::createSample                    :     output = 000000004B62CB98
[LOG] System::createSoundInternal              :     1 subsounds detected.
[LOG] OutputSoftware::createSample             :     lengthpcm 15277, lengthbytes 2688, channels 1, format 2, freq 48000, mode 0200020a
[LOG] System::createSoundInternal              :     Seek stream to start
[LOG] System::createSoundInternal              :     flush stream buffer
[LOG] SystemI::createSoundInternal             :     No name found in file, use filename.
[LOG] SystemI::createSoundInternal             :     done.  OpenState now = FMOD_OPENSTATE_READY.

[LOG] System::createSoundInternal              :     flush successful.
[LOG] System::createSoundInternal              :     switch file handle from small blocking single buffered to large nonblocking doublebuffered.
[LOG] Thread::initThread                       :         Init FMOD file thread. Priority: 1, Stack Size: 16384, Semaphore: No, Sleep Time: 10, Looping: Yes.
[LOG] SystemI::createSoundInternal             :     done.  OpenState now = FMOD_OPENSTATE_READY.

[LOG] AsyncThread::threadFunc                  : Finished Asynchronous operation on sound 00000000441658C8
[LOG] SoundI::getSubSound                      : sound 00000000441658C8.  Subsound index 0 / 1
[LOG] SystemI::createSound                     : filename = C:\Users\Thomas\Documents\FMOD Studio\swimgame\Build\Desktop/Master Bank.bank : mode 02010082
[LOG] SystemI::createSound                     : FMOD_NONBLOCKING specified.  Putting into queue to be opened asynchronously!
[LOG] SystemI::createSound                     : setdata soundi = 0000000044165568 : node = 000000000EC3F640
[LOG] SystemI::createSound                     : add node to async list : head = 0000000044156CD8.  list count = 0
[LOG] AsyncThread::threadFunc                  : Starting Asynchronous operation on sound 0000000044165568
[LOG] SystemI::createSoundInternal             :     filename = C:\Users\Thomas\Documents\FMOD Studio\swimgame\Build\Desktop/Master Bank.bank : mode 02010082
[LOG] SystemI::createSoundInternal             :     exinfo->cbsize             = 232
[LOG] SystemI::createSoundInternal             :     exinfo->length             = 8867104
[LOG] SystemI::createSoundInternal             :     exinfo->fileoffset         = 23232
[LOG] SystemI::createSoundInternal             :     exinfo->numsubsounds       = 1
[LOG] SystemI::createSoundInternal             :     exinfo->inclusionlist      = 000000000EC3F758
[LOG] SystemI::createSoundInternal             :     exinfo->inclusionlistnum   = 1
[LOG] SystemI::createSoundInternal             :     exinfo->suggestedsoundtype = 5
[LOG] SystemI::createSoundInternal             :     exinfo->initialseekpostype = 1
[LOG] SystemI::createSoundInternal             :     Format has 1 subsounds.
[LOG] SystemI::createSoundInternal             :     Create as FMOD_CREATESTREAM
[LOG] System::createSoundInternal              :     decode buffersize = 19200 : blocksize = 256 : format = 2
[LOG] SystemI::createSample                    :     mode 02010082 length 19200 samples, lengthbytes 2978560
[LOG] SystemI::createSample                    :     channels = 2
[LOG] SystemI::createSample                    :     output = 000000004B62CB98
[LOG] OutputSoftware::createSample             :     lengthpcm 19200, lengthbytes 2978560, channels 2, format 2, freq 48000, mode 0201008a
[LOG] System::createSoundInternal              :     1 subsounds detected.
[LOG] System::createSoundInternal              :     Seek stream to start
[LOG] System::createSoundInternal              :     flush stream buffer
[LOG] System::createSoundInternal              :     flush successful.
[LOG] System::createSoundInternal              :     switch file handle from small blocking single buffered to large nonblocking doublebuffered.
[LOG] SystemI::createSoundInternal             :     done.  OpenState now = FMOD_OPENSTATE_READY.

[LOG] AsyncThread::threadFunc                  : Finished Asynchronous operation on sound 0000000044165568
[LOG] SoundI::getSubSound                      : sound 0000000044165568.  Subsound index 0 / 1
[LOG] SystemI::createSound                     : filename = C:\Users\Thomas\Documents\FMOD Studio\swimgame\Build\Desktop/Master Bank.bank : mode 02010082
[LOG] SystemI::createSound                     : FMOD_NONBLOCKING specified.  Putting into queue to be opened asynchronously!
[LOG] SystemI::createSound                     : setdata soundi = 0000000044165718 : node = 000000000EC3F4F0
[LOG] SystemI::createSound                     : add node to async list : head = 0000000044156CD8.  list count = 0
[LOG] AsyncThread::threadFunc                  : Starting Asynchronous operation on sound 0000000044165718
[LOG] SystemI::createSoundInternal             :     filename = C:\Users\Thomas\Documents\FMOD Studio\swimgame\Build\Desktop/Master Bank.bank : mode 02010082
[LOG] SystemI::createSoundInternal             :     exinfo->cbsize             = 232
[LOG] SystemI::createSoundInternal             :     exinfo->length             = 8867104
[LOG] SystemI::createSoundInternal             :     exinfo->fileoffset         = 23232
[LOG] SystemI::createSoundInternal             :     exinfo->numsubsounds       = 1
[LOG] SystemI::createSoundInternal             :     exinfo->inclusionlist      = 000000000EC3F608
[LOG] SystemI::createSoundInternal             :     exinfo->inclusionlistnum   = 1
[LOG] SystemI::createSoundInternal             :     exinfo->suggestedsoundtype = 5
[LOG] SystemI::createSoundInternal             :     exinfo->initialseekpostype = 1
[LOG] SystemI::createSoundInternal             :     Format has 1 subsounds.
[LOG] SystemI::createSoundInternal             :     Create as FMOD_CREATESTREAM
[LOG] System::createSoundInternal              :     decode buffersize = 19200 : blocksize = 256 : format = 2
[LOG] SystemI::createSample                    :     mode 02010082 length 19200 samples, lengthbytes 5468192
[LOG] SystemI::createSample                    :     channels = 2
[LOG] SystemI::createSample                    :     output = 000000004B62CB98
[LOG] OutputSoftware::createSample             :     lengthpcm 19200, lengthbytes 5468192, channels 2, format 2, freq 48000, mode 0201008a
[LOG] System::createSoundInternal              :     1 subsounds detected.
[LOG] System::createSoundInternal              :     Seek stream to start
[LOG] System::createSoundInternal              :     flush stream buffer
[LOG] System::createSoundInternal              :     flush successful.
[LOG] System::createSoundInternal              :     switch file handle from small blocking single buffered to large nonblocking doublebuffered.
[LOG] SystemI::createSoundInternal             :     done.  OpenState now = FMOD_OPENSTATE_READY.

[LOG] AsyncThread::threadFunc                  : Finished Asynchronous operation on sound 0000000044165718
[LOG] SoundI::getSubSound                      : sound 0000000044165718.  Subsound index 0 / 1
[LOG] AsyncThread::threadFunc                  : Starting Asynchronous operation on sound 000000000EBB3828
[LOG] AsyncThread::threadFunc                  : Finished Asynchronous operation on sound 000000000EBB3828
[LOG] AsyncThread::threadFunc                  : Starting Asynchronous operation on sound 00000000448354F8
[LOG] AsyncThread::threadFunc                  : Finished Asynchronous operation on sound 00000000448354F8
[LOG] AsyncThread::threadFunc                  : Starting Asynchronous operation on sound 0000000044835348
[LOG] AsyncThread::threadFunc                  : Finished Asynchronous operation on sound 0000000044835348
[LOG] AsyncThread::threadFunc                  : Starting Asynchronous operation on sound 000000000EBB3828
[LOG] AsyncThread::threadFunc                  : Finished Asynchronous operation on sound 000000000EBB3828
[LOG] AsyncThread::threadFunc                  : Starting Asynchronous operation on sound 00000000448354F8
[LOG] AsyncThread::threadFunc                  : Finished Asynchronous operation on sound 00000000448354F8
[LOG] AsyncThread::threadFunc                  : Starting Asynchronous operation on sound 0000000044835348
[LOG] AsyncThread::threadFunc                  : Finished Asynchronous operation on sound 0000000044835348
[LOG] SoundI::release                          : adventure (0000000044165718)
[LOG] SoundI::release                          : remove stream samples. (0000000044165718)
[LOG] SoundI::release                          :     adventure (0000000044157548)
[LOG] SoundI::release                          :     done
[LOG] SoundI::release                          : release subsounds. (0000000044165718)
[LOG] SoundI::release                          :     adventure (00000000448354F8)
[LOG] SoundI::release                          :     done
[LOG] SoundI::release                          : release codec. (0000000044165718)
[LOG] SoundI::release                          : done
[LOG] SoundI::release                          : maintheme (0000000044165568)
[LOG] SoundI::release                          : remove stream samples. (0000000044165568)
[LOG] SoundI::release                          :     maintheme (0000000044156848)
[LOG] SoundI::release                          :     done
[LOG] SoundI::release                          : release subsounds. (0000000044165568)
[LOG] SoundI::release                          :     maintheme (0000000044835348)
[LOG] SoundI::release                          :     done
[LOG] SoundI::release                          : release codec. (0000000044165568)
[LOG] SoundI::release                          : done
[LOG] SoundI::release                          : danger (00000000441658C8)
[LOG] SoundI::release                          : remove stream samples. (00000000441658C8)
[LOG] SoundI::release                          :     danger (00000000441569E8)
[LOG] SoundI::release                          :     done
[LOG] SoundI::release                          : release subsounds. (00000000441658C8)
[LOG] SoundI::release                          :     danger (000000000EBB3828)
[LOG] SoundI::release                          :     done
[LOG] SoundI::release                          : release codec. (00000000441658C8)
[LOG] SoundI::release                          : done
[LOG] SoundI::release                          :  (000000004434ECC8)
[LOG] SoundI::release                          : release subsounds. (000000004434ECC8)
[LOG] SoundI::release                          :     smw_swimming (0000000044157208)
[LOG] SoundI::release                          :     done
[LOG] SoundI::release                          : release codec. (000000004434ECC8)
[LOG] SoundI::release                          : done
[LOG] Thread::callback                         : FMOD Studio update thread finished.
[LOG] Thread::callback                         : FMOD Studio bank load thread finished.
[LOG] Profile::disconnectAll                   : Profiler disconnecting all clients
[LOG] Thread::callback                         : FMOD Studio sample load thread finished.
[LOG] LiveUpdate::release                      : 
[LOG] LiveUpdate::reset                        : Reset connection (reason Disconnected)
[LOG] SystemI::close                           : 
[LOG] SystemI::close                           : Stop all sounds
[LOG] Thread::callback                         : FMOD stream thread finished.
[LOG] SystemI::close                           : Stream thread destroyed
[LOG] Thread::callback                         : FMOD mixer thread finished.
[LOG] Profile::disconnectAll                   : Profiler disconnecting all clients
[LOG] SystemI::close                           : Free master channel group.
[LOG] SystemI::close                           : Remove 'master' sound group.
[LOG] SystemI::close                           : Free software output.
[LOG] SystemI::close                           : Free emulated output.
[LOG] SystemI::close                           : Free channel pool.
[LOG] Thread::callback                         : FMOD nonblocking thread (0) finished.
[LOG] Thread::callback                         : FMOD file thread finished.
[LOG] SystemI::close                           : done.

